<?xml version="1.0" encoding="UTF-8"?>
<!-- Generated by org.testng.reporters.JUnitReportReporter -->
<testsuite hostname="azim" name="basics9" tests="3" failures="0" timestamp="19 Nov 2018 10:13:50 GMT" time="3.838" errors="0">
  <testcase name="E2E" time="2.968" classname="basics9"/>
  <testcase name="createTweet" time="0.500" classname="basics9"/>
  <testcase name="getLatestTweet" time="0.370" classname="basics9"/>
</testsuite> <!-- basics9 -->
