<?xml version="1.0" encoding="UTF-8"?>
<!-- Generated by org.testng.reporters.JUnitReportReporter -->
<testsuite hostname="azim" name="test" tests="1" failures="0" timestamp="19 Nov 2018 10:13:33 GMT" time="0.012" errors="0">
  <testcase name="Test" time="0.012" classname="test"/>
</testsuite> <!-- test -->
